This is pdfTeX, Version 3.141592653-2.6-1.40.22 (TeX Live 2022/dev/Debian) (preloaded format=pdflatex 2024.11.26)  11 MAR 2026 15:08
entering extended mode
 restricted \write18 enabled.
 %&-line parsing enabled.
**Figure_6.tex
(./Figure_6.tex
LaTeX2e <2021-11-15> patch level 1
L3 programming layer <2022-01-21>
(/usr/share/texlive/texmf-dist/tex/latex/standalone/standalone.cls
Document Class: standalone 2018/03/26 v1.3a Class to compile TeX sub-files stan
dalone
(/usr/share/texlive/texmf-dist/tex/latex/tools/shellesc.sty
Package: shellesc 2019/11/08 v1.0c unified shell escape interface for LaTeX
Package shellesc Info: Restricted shell escape enabled on input line 77.
)
(/usr/share/texlive/texmf-dist/tex/generic/iftex/ifluatex.sty
Package: ifluatex 2019/10/25 v1.5 ifluatex legacy package. Use iftex instead.

(/usr/share/texlive/texmf-dist/tex/generic/iftex/iftex.sty
Package: iftex 2020/03/06 v1.0d TeX engine tests
))
(/usr/share/texlive/texmf-dist/tex/latex/xkeyval/xkeyval.sty
Package: xkeyval 2020/11/20 v2.8 package option processing (HA)

(/usr/share/texlive/texmf-dist/tex/generic/xkeyval/xkeyval.tex
(/usr/share/texlive/texmf-dist/tex/generic/xkeyval/xkvutils.tex
\XKV@toks=\toks16
\XKV@tempa@toks=\toks17

(/usr/share/texlive/texmf-dist/tex/generic/xkeyval/keyval.tex))
\XKV@depth=\count185
File: xkeyval.tex 2014/12/03 v2.7a key=value parser (HA)
))
\sa@internal=\count186
\c@sapage=\count187

(/usr/share/texlive/texmf-dist/tex/latex/standalone/standalone.cfg
File: standalone.cfg 2018/03/26 v1.3a Default configuration file for 'standalon
e' class
)
(/usr/share/texlive/texmf-dist/tex/latex/base/article.cls
Document Class: article 2021/10/04 v1.4n Standard LaTeX document class
(/usr/share/texlive/texmf-dist/tex/latex/base/size10.clo
File: size10.clo 2021/10/04 v1.4n Standard LaTeX file (size option)
)
\c@part=\count188
\c@section=\count189
\c@subsection=\count190
\c@subsubsection=\count191
\c@paragraph=\count192
\c@subparagraph=\count193
\c@figure=\count194
\c@table=\count195
\abovecaptionskip=\skip47
\belowcaptionskip=\skip48
\bibindent=\dimen138
)
\sa@box=\box50
)
(/usr/share/texlive/texmf-dist/tex/latex/graphics/graphicx.sty
Package: graphicx 2021/09/16 v1.2d Enhanced LaTeX Graphics (DPC,SPQR)

(/usr/share/texlive/texmf-dist/tex/latex/graphics/graphics.sty
Package: graphics 2021/03/04 v1.4d Standard LaTeX Graphics (DPC,SPQR)

(/usr/share/texlive/texmf-dist/tex/latex/graphics/trig.sty
Package: trig 2021/08/11 v1.11 sin cos tan (DPC)
)
(/usr/share/texlive/texmf-dist/tex/latex/graphics-cfg/graphics.cfg
File: graphics.cfg 2016/06/04 v1.11 sample graphics configuration
)
Package graphics Info: Driver file: pdftex.def on input line 107.

(/usr/share/texlive/texmf-dist/tex/latex/graphics-def/pdftex.def
File: pdftex.def 2020/10/05 v1.2a Graphics/color driver for pdftex
))
\Gin@req@height=\dimen139
\Gin@req@width=\dimen140
)
(/usr/share/texlive/texmf-dist/tex/latex/psnfss/mathptmx.sty
Package: mathptmx 2020/03/25 PSNFSS-v9.3 Times w/ Math, improved (SPQR, WaS) 
LaTeX Font Info:    Redeclaring symbol font `operators' on input line 28.
LaTeX Font Info:    Overwriting symbol font `operators' in version `normal'
(Font)                  OT1/cmr/m/n --> OT1/ztmcm/m/n on input line 28.
LaTeX Font Info:    Overwriting symbol font `operators' in version `bold'
(Font)                  OT1/cmr/bx/n --> OT1/ztmcm/m/n on input line 28.
LaTeX Font Info:    Redeclaring symbol font `letters' on input line 29.
LaTeX Font Info:    Overwriting symbol font `letters' in version `normal'
(Font)                  OML/cmm/m/it --> OML/ztmcm/m/it on input line 29.
LaTeX Font Info:    Overwriting symbol font `letters' in version `bold'
(Font)                  OML/cmm/b/it --> OML/ztmcm/m/it on input line 29.
LaTeX Font Info:    Redeclaring symbol font `symbols' on input line 30.
LaTeX Font Info:    Overwriting symbol font `symbols' in version `normal'
(Font)                  OMS/cmsy/m/n --> OMS/ztmcm/m/n on input line 30.
LaTeX Font Info:    Overwriting symbol font `symbols' in version `bold'
(Font)                  OMS/cmsy/b/n --> OMS/ztmcm/m/n on input line 30.
LaTeX Font Info:    Redeclaring symbol font `largesymbols' on input line 31.
LaTeX Font Info:    Overwriting symbol font `largesymbols' in version `normal'
(Font)                  OMX/cmex/m/n --> OMX/ztmcm/m/n on input line 31.
LaTeX Font Info:    Overwriting symbol font `largesymbols' in version `bold'
(Font)                  OMX/cmex/m/n --> OMX/ztmcm/m/n on input line 31.
\symbold=\mathgroup4
\symitalic=\mathgroup5
LaTeX Font Info:    Redeclaring math alphabet \mathbf on input line 34.
LaTeX Font Info:    Overwriting math alphabet `\mathbf' in version `normal'
(Font)                  OT1/cmr/bx/n --> OT1/ptm/bx/n on input line 34.
LaTeX Font Info:    Overwriting math alphabet `\mathbf' in version `bold'
(Font)                  OT1/cmr/bx/n --> OT1/ptm/bx/n on input line 34.
LaTeX Font Info:    Redeclaring math alphabet \mathit on input line 35.
LaTeX Font Info:    Overwriting math alphabet `\mathit' in version `normal'
(Font)                  OT1/cmr/m/it --> OT1/ptm/m/it on input line 35.
LaTeX Font Info:    Overwriting math alphabet `\mathit' in version `bold'
(Font)                  OT1/cmr/bx/it --> OT1/ptm/m/it on input line 35.
LaTeX Info: Redefining \hbar on input line 50.
)
(/usr/share/texlive/texmf-dist/tex/latex/amsmath/amsmath.sty
Package: amsmath 2021/10/15 v2.17l AMS math features
\@mathmargin=\skip49

For additional information on amsmath, use the `?' option.
(/usr/share/texlive/texmf-dist/tex/latex/amsmath/amstext.sty
Package: amstext 2021/08/26 v2.01 AMS text

(/usr/share/texlive/texmf-dist/tex/latex/amsmath/amsgen.sty
File: amsgen.sty 1999/11/30 v2.0 generic functions
\@emptytoks=\toks18
\ex@=\dimen141
))
(/usr/share/texlive/texmf-dist/tex/latex/amsmath/amsbsy.sty
Package: amsbsy 1999/11/29 v1.2d Bold Symbols
\pmbraise@=\dimen142
)
(/usr/share/texlive/texmf-dist/tex/latex/amsmath/amsopn.sty
Package: amsopn 2021/08/26 v2.02 operator names
)
\inf@bad=\count196
LaTeX Info: Redefining \frac on input line 234.
\uproot@=\count197
\leftroot@=\count198
LaTeX Info: Redefining \overline on input line 399.
\classnum@=\count199
\DOTSCASE@=\count266
LaTeX Info: Redefining \ldots on input line 496.
LaTeX Info: Redefining \dots on input line 499.
LaTeX Info: Redefining \cdots on input line 620.
\Mathstrutbox@=\box51
\strutbox@=\box52
\big@size=\dimen143
LaTeX Font Info:    Redeclaring font encoding OML on input line 743.
LaTeX Font Info:    Redeclaring font encoding OMS on input line 744.
\macc@depth=\count267
\c@MaxMatrixCols=\count268
\dotsspace@=\muskip16
\c@parentequation=\count269
\dspbrk@lvl=\count270
\tag@help=\toks19
\row@=\count271
\column@=\count272
\maxfields@=\count273
\andhelp@=\toks20
\eqnshift@=\dimen144
\alignsep@=\dimen145
\tagshift@=\dimen146
\tagwidth@=\dimen147
\totwidth@=\dimen148
\lineht@=\dimen149
\@envbody=\toks21
\multlinegap=\skip50
\multlinetaggap=\skip51
\mathdisplay@stack=\toks22
LaTeX Info: Redefining \[ on input line 2938.
LaTeX Info: Redefining \] on input line 2939.
)
LaTeX Font Info:    Trying to load font information for OT1+ptm on input line 6
.

(/usr/share/texlive/texmf-dist/tex/latex/psnfss/ot1ptm.fd
File: ot1ptm.fd 2001/06/04 font definitions for OT1/ptm.
)
(/usr/share/texlive/texmf-dist/tex/latex/l3backend/l3backend-pdftex.def
File: l3backend-pdftex.def 2022-01-12 L3 backend support: PDF output (pdfTeX)
\l__color_backend_stack_int=\count274
\l__pdf_internal_box=\box53
)
(build/Figure_6.aux)
\openout1 = `Figure_6.aux'.

LaTeX Font Info:    Checking defaults for OML/cmm/m/it on input line 6.
LaTeX Font Info:    ... okay on input line 6.
LaTeX Font Info:    Checking defaults for OMS/cmsy/m/n on input line 6.
LaTeX Font Info:    ... okay on input line 6.
LaTeX Font Info:    Checking defaults for OT1/cmr/m/n on input line 6.
LaTeX Font Info:    ... okay on input line 6.
LaTeX Font Info:    Checking defaults for T1/cmr/m/n on input line 6.
LaTeX Font Info:    ... okay on input line 6.
LaTeX Font Info:    Checking defaults for TS1/cmr/m/n on input line 6.
LaTeX Font Info:    ... okay on input line 6.
LaTeX Font Info:    Checking defaults for OMX/cmex/m/n on input line 6.
LaTeX Font Info:    ... okay on input line 6.
LaTeX Font Info:    Checking defaults for U/cmr/m/n on input line 6.
LaTeX Font Info:    ... okay on input line 6.

(/usr/share/texlive/texmf-dist/tex/context/base/mkii/supp-pdf.mkii
[Loading MPS to PDF converter (version 2006.09.02).]
\scratchcounter=\count275
\scratchdimen=\dimen150
\scratchbox=\box54
\nofMPsegments=\count276
\nofMParguments=\count277
\everyMPshowfont=\toks23
\MPscratchCnt=\count278
\MPscratchDim=\dimen151
\MPnumerator=\count279
\makeMPintoPDFobject=\count280
\everyMPtoPDFconversion=\toks24
) (/usr/share/texlive/texmf-dist/tex/latex/epstopdf-pkg/epstopdf-base.sty
Package: epstopdf-base 2020-01-24 v2.11 Base part for package epstopdf

(/usr/share/texlive/texmf-dist/tex/generic/infwarerr/infwarerr.sty
Package: infwarerr 2019/12/03 v1.5 Providing info/warning/error messages (HO)
)
(/usr/share/texlive/texmf-dist/tex/latex/grfext/grfext.sty
Package: grfext 2019/12/03 v1.3 Manage graphics extensions (HO)

(/usr/share/texlive/texmf-dist/tex/generic/kvdefinekeys/kvdefinekeys.sty
Package: kvdefinekeys 2019-12-19 v1.6 Define keys (HO)
))
(/usr/share/texlive/texmf-dist/tex/latex/kvoptions/kvoptions.sty
Package: kvoptions 2020-10-07 v3.14 Key value format for package options (HO)

(/usr/share/texlive/texmf-dist/tex/generic/ltxcmds/ltxcmds.sty
Package: ltxcmds 2020-05-10 v1.25 LaTeX kernel commands for general use (HO)
)
(/usr/share/texlive/texmf-dist/tex/generic/kvsetkeys/kvsetkeys.sty
Package: kvsetkeys 2019/12/15 v1.18 Key value parser (HO)
))
(/usr/share/texlive/texmf-dist/tex/generic/pdftexcmds/pdftexcmds.sty
Package: pdftexcmds 2020-06-27 v0.33 Utility functions of pdfTeX for LuaTeX (HO
)
Package pdftexcmds Info: \pdf@primitive is available.
Package pdftexcmds Info: \pdf@ifprimitive is available.
Package pdftexcmds Info: \pdfdraftmode found.
)
Package epstopdf-base Info: Redefining graphics rule for `.eps' on input line 4
85.
Package grfext Info: Graphics extension search list:
(grfext)             [.pdf,.png,.jpg,.mps,.jpeg,.jbig2,.jb2,.PDF,.PNG,.JPG,.JPE
G,.JBIG2,.JB2,.eps]
(grfext)             \AppendGraphicsExtensions on input line 504.

(/usr/share/texlive/texmf-dist/tex/latex/latexconfig/epstopdf-sys.cfg
File: epstopdf-sys.cfg 2010/07/13 v1.3 Configuration of (r)epstopdf for TeX Liv
e
))
Package epstopdf Info: Source file: <Figure6a1.eps>
(epstopdf)                    date: 2026-03-11 14:53:16
(epstopdf)                    size: 193049 bytes
(epstopdf)             Output file: <Figure6a1-eps-converted-to.pdf>
(epstopdf)                    date: 2026-03-11 14:54:38
(epstopdf)                    size: 41980 bytes
(epstopdf)             Command: <repstopdf --outfile=Figure6a1-eps-converted-to
.pdf Figure6a1.eps>
(epstopdf)             \includegraphics on input line 11.
Package epstopdf Info: Output file is already uptodate.
<Figure6a1-eps-converted-to.pdf, id=1, 233.87375pt x 898.35625pt>
File: Figure6a1-eps-converted-to.pdf Graphic file (type pdf)
<use Figure6a1-eps-converted-to.pdf>
Package pdftex.def Info: Figure6a1-eps-converted-to.pdf  used on input line 11.

(pdftex.def)             Requested size: 198.30731pt x 898.35405pt.
Package epstopdf Info: Source file: <Figure6b1.eps>
(epstopdf)                    date: 2026-03-11 14:53:36
(epstopdf)                    size: 74720 bytes
(epstopdf)             Output file: <Figure6b1-eps-converted-to.pdf>
(epstopdf)                    date: 2026-03-11 14:54:38
(epstopdf)                    size: 72236 bytes
(epstopdf)             Command: <repstopdf --outfile=Figure6b1-eps-converted-to
.pdf Figure6b1.eps>
(epstopdf)             \includegraphics on input line 12.
Package epstopdf Info: Output file is already uptodate.
<Figure6b1-eps-converted-to.pdf, id=3, 271.0125pt x 898.35625pt>
File: Figure6b1-eps-converted-to.pdf Graphic file (type pdf)
<use Figure6b1-eps-converted-to.pdf>
Package pdftex.def Info: Figure6b1-eps-converted-to.pdf  used on input line 12.

(pdftex.def)             Requested size: 235.44598pt x 898.35405pt.
Package epstopdf Info: Source file: <Figure6c1.eps>
(epstopdf)                    date: 2026-03-11 14:53:50
(epstopdf)                    size: 186426 bytes
(epstopdf)             Output file: <Figure6c1-eps-converted-to.pdf>
(epstopdf)                    date: 2026-03-11 14:56:02
(epstopdf)                    size: 38973 bytes
(epstopdf)             Command: <repstopdf --outfile=Figure6c1-eps-converted-to
.pdf Figure6c1.eps>
(epstopdf)             \includegraphics on input line 13.
Package epstopdf Info: Output file is already uptodate.
<Figure6c1-eps-converted-to.pdf, id=5, 309.155pt x 898.35625pt>
File: Figure6c1-eps-converted-to.pdf Graphic file (type pdf)
<use Figure6c1-eps-converted-to.pdf>
Package pdftex.def Info: Figure6c1-eps-converted-to.pdf  used on input line 13.

(pdftex.def)             Requested size: 266.47523pt x 898.35405pt.
Package epstopdf Info: Source file: <Figure6d1.eps>
(epstopdf)                    date: 2026-03-11 15:00:56
(epstopdf)                    size: 50541 bytes
(epstopdf)             Output file: <Figure6d1-eps-converted-to.pdf>
(epstopdf)                    date: 2026-03-11 15:01:00
(epstopdf)                    size: 17602 bytes
(epstopdf)             Command: <repstopdf --outfile=Figure6d1-eps-converted-to
.pdf Figure6d1.eps>
(epstopdf)             \includegraphics on input line 14.
Package epstopdf Info: Output file is already uptodate.
<Figure6d1-eps-converted-to.pdf, id=7, 911.405pt x 898.35625pt>
File: Figure6d1-eps-converted-to.pdf Graphic file (type pdf)
<use Figure6d1-eps-converted-to.pdf>
Package pdftex.def Info: Figure6d1-eps-converted-to.pdf  used on input line 14.

(pdftex.def)             Requested size: 811.8184pt x 898.35405pt.
Package epstopdf Info: Source file: <Figure6a2.eps>
(epstopdf)                    date: 2026-03-11 15:07:30
(epstopdf)                    size: 256526 bytes
(epstopdf)             Output file: <Figure6a2-eps-converted-to.pdf>
(epstopdf)             Command: <repstopdf --outfile=Figure6a2-eps-converted-to
.pdf Figure6a2.eps>
(epstopdf)             \includegraphics on input line 19.
runsystem(repstopdf --outfile=Figure6a2-eps-converted-to.pdf Figure6a2.eps)...e
xecuted safely (allowed).

Package epstopdf Info: Result file: <Figure6a2-eps-converted-to.pdf>
(epstopdf)                    date: 2026-03-11 15:08:30
(epstopdf)                    size: 55262 bytes.
<Figure6a2-eps-converted-to.pdf, id=9, 233.87375pt x 898.35625pt>
File: Figure6a2-eps-converted-to.pdf Graphic file (type pdf)
<use Figure6a2-eps-converted-to.pdf>
Package pdftex.def Info: Figure6a2-eps-converted-to.pdf  used on input line 19.

(pdftex.def)             Requested size: 198.30731pt x 852.82959pt.
Package epstopdf Info: Source file: <Figure6b2.eps>
(epstopdf)                    date: 2026-03-11 15:07:50
(epstopdf)                    size: 77266 bytes
(epstopdf)             Output file: <Figure6b2-eps-converted-to.pdf>
(epstopdf)             Command: <repstopdf --outfile=Figure6b2-eps-converted-to
.pdf Figure6b2.eps>
(epstopdf)             \includegraphics on input line 20.
runsystem(repstopdf --outfile=Figure6b2-eps-converted-to.pdf Figure6b2.eps)...e
xecuted safely (allowed).

Package epstopdf Info: Result file: <Figure6b2-eps-converted-to.pdf>
(epstopdf)                    date: 2026-03-11 15:08:30
(epstopdf)                    size: 73941 bytes.
<Figure6b2-eps-converted-to.pdf, id=11, 271.0125pt x 898.35625pt>
File: Figure6b2-eps-converted-to.pdf Graphic file (type pdf)
<use Figure6b2-eps-converted-to.pdf>
Package pdftex.def Info: Figure6b2-eps-converted-to.pdf  used on input line 20.

(pdftex.def)             Requested size: 235.44598pt x 852.82959pt.
Package epstopdf Info: Source file: <Figure6c2.eps>
(epstopdf)                    date: 2026-03-11 15:08:09
(epstopdf)                    size: 184631 bytes
(epstopdf)             Output file: <Figure6c2-eps-converted-to.pdf>
(epstopdf)             Command: <repstopdf --outfile=Figure6c2-eps-converted-to
.pdf Figure6c2.eps>
(epstopdf)             \includegraphics on input line 21.
runsystem(repstopdf --outfile=Figure6c2-eps-converted-to.pdf Figure6c2.eps)...e
xecuted safely (allowed).

Package epstopdf Info: Result file: <Figure6c2-eps-converted-to.pdf>
(epstopdf)                    date: 2026-03-11 15:08:30
(epstopdf)                    size: 38603 bytes.
<Figure6c2-eps-converted-to.pdf, id=13, 309.155pt x 898.35625pt>
File: Figure6c2-eps-converted-to.pdf Graphic file (type pdf)
<use Figure6c2-eps-converted-to.pdf>
Package pdftex.def Info: Figure6c2-eps-converted-to.pdf  used on input line 21.

(pdftex.def)             Requested size: 266.47523pt x 852.82959pt.
Package epstopdf Info: Source file: <Figure6d2.eps>
(epstopdf)                    date: 2026-03-11 15:08:25
(epstopdf)                    size: 56430 bytes
(epstopdf)             Output file: <Figure6d2-eps-converted-to.pdf>
(epstopdf)             Command: <repstopdf --outfile=Figure6d2-eps-converted-to
.pdf Figure6d2.eps>
(epstopdf)             \includegraphics on input line 22.
runsystem(repstopdf --outfile=Figure6d2-eps-converted-to.pdf Figure6d2.eps)...e
xecuted safely (allowed).

Package epstopdf Info: Result file: <Figure6d2-eps-converted-to.pdf>
(epstopdf)                    date: 2026-03-11 15:08:30
(epstopdf)                    size: 19683 bytes.
<Figure6d2-eps-converted-to.pdf, id=15, 911.405pt x 898.35625pt>
File: Figure6d2-eps-converted-to.pdf Graphic file (type pdf)
<use Figure6d2-eps-converted-to.pdf>
Package pdftex.def Info: Figure6d2-eps-converted-to.pdf  used on input line 22.

(pdftex.def)             Requested size: 811.8184pt x 852.82959pt.
LaTeX Font Info:    Trying to load font information for OT1+ztmcm on input line
 25.

(/usr/share/texlive/texmf-dist/tex/latex/psnfss/ot1ztmcm.fd
File: ot1ztmcm.fd 2000/01/03 Fontinst v1.801 font definitions for OT1/ztmcm.
)
LaTeX Font Info:    Trying to load font information for OML+ztmcm on input line
 25.

(/usr/share/texlive/texmf-dist/tex/latex/psnfss/omlztmcm.fd
File: omlztmcm.fd 2000/01/03 Fontinst v1.801 font definitions for OML/ztmcm.
)
LaTeX Font Info:    Trying to load font information for OMS+ztmcm on input line
 25.

(/usr/share/texlive/texmf-dist/tex/latex/psnfss/omsztmcm.fd
File: omsztmcm.fd 2000/01/03 Fontinst v1.801 font definitions for OMS/ztmcm.
)
LaTeX Font Info:    Trying to load font information for OMX+ztmcm on input line
 25.

(/usr/share/texlive/texmf-dist/tex/latex/psnfss/omxztmcm.fd
File: omxztmcm.fd 2000/01/03 Fontinst v1.801 font definitions for OMX/ztmcm.
)
LaTeX Font Info:    Font shape `OT1/ptm/bx/n' in size <10> not available
(Font)              Font shape `OT1/ptm/b/n' tried instead on input line 25.
LaTeX Font Info:    Font shape `OT1/ptm/bx/n' in size <7.4> not available
(Font)              Font shape `OT1/ptm/b/n' tried instead on input line 25.
LaTeX Font Info:    Font shape `OT1/ptm/bx/n' in size <6> not available
(Font)              Font shape `OT1/ptm/b/n' tried instead on input line 25.
 [1

 <./Figure6a1-eps-converted-to.pdf{/var/lib/texmf/fonts/map/pdftex/updmap/pdfte
x.map}> <./Figure6b1-eps-converted-to.pdf> <./Figure6c1-eps-converted-to.pdf> <
./Figure6d1-eps-converted-to.pdf> <./Figure6a2-eps-converted-to.pdf> <./Figure6
b2-eps-converted-to.pdf> <./Figure6c2-eps-converted-to.pdf> <./Figure6d2-eps-co
nverted-to.pdf>] (build/Figure_6.aux) ) 
Here is how much of TeX's memory you used:
 3234 strings out of 480247
 55512 string characters out of 5896150
 336079 words of memory out of 5000000
 21119 multiletter control sequences out of 15000+600000
 477896 words of font info for 47 fonts, out of 8000000 for 9000
 14 hyphenation exceptions out of 8191
 60i,9n,71p,208b,323s stack positions out of 5000i,500n,10000p,200000b,80000s

Output written on build/Figure_6.pdf (1 page, 339146 bytes).
PDF statistics:
 66 PDF objects out of 1000 (max. 8388607)
 32 compressed objects within 1 object stream
 0 named destinations out of 1000 (max. 500000)
 89 words of extra memory for PDF output out of 10000 (max. 10000000)

